<?xml version="1.0" encoding="UTF-8"?>
<!-- Generated by org.testng.reporters.JUnitReportReporter -->
<testsuite hostname="Mukeshs-MacBook-Air-2.local" failures="0" tests="1" name="unitTest.ConfigUtilityTest" time="0.019" errors="0" timestamp="2022-09-16T08:36:34 IST" skipped="0">
  <testcase classname="unitTest.ConfigUtilityTest" name="checkConfig" time="0.019"/>
  <system-out/>
</testsuite> <!-- unitTest.ConfigUtilityTest -->
